Arguments: 
  /Users/lennarddevries/.nvm/versions/node/v16.14.0/bin/node /usr/local/Cellar/yarn/1.22.17_2/libexec/bin/yarn.js init

PATH: 
  ./node_modules/.bin:/Users/lennarddevries/.poetry/bin:/Applications/Postgres.app/Contents/MacOS/bin:/Users/lennarddevries/.nvm/versions/node/v16.14.0/bin:/Users/lennarddevries/.pyenv/shims:/usr/local/opt/openssl@3/bin:/Users/lennarddevries/.poetry/bin:/usr/local/bin:/Users/lennarddevries/.pyenv/bin:/Users/lennarddevries/.local/share/solana/install/active_release/bin:/Applications/Postgres.app/Contents/Versions/latest/bin:/usr/local/bin:/usr/bin:/bin:/usr/sbin:/sbin:/Library/Apple/usr/bin:/Applications/Postgres.app/Contents/Versions/latest/bin

Yarn version: 
  1.22.17

Node version: 
  16.14.0

Platform: 
  darwin x64

Trace: 
  Error: canceled
      at Interface.<anonymous> (/usr/local/Cellar/yarn/1.22.17_2/libexec/lib/cli.js:137143:13)
      at Interface.emit (node:events:520:28)
      at Interface._ttyWrite (node:readline:1081:16)
      at ReadStream.onkeypress (node:readline:288:10)
      at ReadStream.emit (node:events:520:28)
      at emitKeys (node:internal/readline/utils:358:14)
      at emitKeys.next (<anonymous>)
      at ReadStream.onData (node:internal/readline/emitKeypressEvents:61:36)
      at ReadStream.emit (node:events:520:28)
      at addChunk (node:internal/streams/readable:315:12)

npm manifest: 
  No manifest

yarn manifest: 
  No manifest

Lockfile: 
  No lockfile
